2024-11-12 21:17:47,728 - __main__ - INFO - Running Karate tests in Docker...
2024-11-12 21:17:47,728 - __main__ - INFO - Building Docker image...
2024-11-12 21:17:52,281 - __main__ - INFO - Running Karate tests in Docker...
2024-11-12 21:18:00,457 - __main__ - INFO - Docker run logs saved to: /home/mango/Desktop/2024/1104/karate-bola-guard/output/karate_framework/target/karate-reports_MI-jui-6ab9ab5e-6761-4892-aaea-eb30c5a1a36d/docker_run_logs_MI-jui-6ab9ab5e-6761-4892-aaea-eb30c5a1a36d.txt
2024-11-12 21:18:00,457 - __main__ - INFO - Test reports are available in: /home/mango/Desktop/2024/1104/karate-bola-guard/output/karate_framework/target/karate-reports_MI-jui-6ab9ab5e-6761-4892-aaea-eb30c5a1a36d
2024-11-12 21:18:01,274 - __main__ - INFO - Starting iteration 1 of 3
2024-11-12 21:18:01,274 - __main__ - INFO - Building Docker image...
2024-11-12 21:18:05,076 - __main__ - INFO - Running Karate tests in Docker...
2024-11-12 21:18:13,735 - __main__ - INFO - Docker run logs saved to: /home/mango/Desktop/2024/1104/karate-bola-guard/output/karate_framework/target/karate-reports_MI-jui-6ab9ab5e-6761-4892-aaea-eb30c5a1a36d/docker_run_logs_MI-jui-6ab9ab5e-6761-4892-aaea-eb30c5a1a36d.txt
2024-11-12 21:18:13,736 - __main__ - INFO - Test reports are available in: /home/mango/Desktop/2024/1104/karate-bola-guard/output/karate_framework/target/karate-reports_MI-jui-6ab9ab5e-6761-4892-aaea-eb30c5a1a36d
2024-11-12 21:18:14,325 - __main__ - INFO - Rewriting 1 broken tests in iteration 1
2024-11-12 21:18:14,374 - __main__ - INFO - errors found: [('failed', ''), ('failed', ''), ('failed', '')]
2024-11-12 21:18:23,401 - __main__ - INFO - Updated test script: ID_001_krtestjui_api_Users__POST_verified.feature
2024-11-12 21:18:23,401 - __main__ - INFO - Starting iteration 2 of 3
2024-11-12 21:18:23,401 - __main__ - INFO - Building Docker image...
2024-11-12 21:18:27,284 - __main__ - INFO - Running Karate tests in Docker...
2024-11-12 21:18:36,533 - __main__ - INFO - Docker run logs saved to: /home/mango/Desktop/2024/1104/karate-bola-guard/output/karate_framework/target/karate-reports_MI-jui-6ab9ab5e-6761-4892-aaea-eb30c5a1a36d/docker_run_logs_MI-jui-6ab9ab5e-6761-4892-aaea-eb30c5a1a36d.txt
2024-11-12 21:18:36,533 - __main__ - INFO - Test reports are available in: /home/mango/Desktop/2024/1104/karate-bola-guard/output/karate_framework/target/karate-reports_MI-jui-6ab9ab5e-6761-4892-aaea-eb30c5a1a36d
2024-11-12 21:18:37,083 - __main__ - INFO - Rewriting 1 broken tests in iteration 2
2024-11-12 21:18:37,116 - __main__ - INFO - errors found: [('failed', ''), ('failed', ''), ('failed', '')]
2024-11-12 21:18:45,473 - __main__ - INFO - Updated test script: ID_001_krtestjui_api_Users__POST_verified.feature
2024-11-12 21:18:45,473 - __main__ - INFO - Starting iteration 3 of 3
2024-11-12 21:18:45,473 - __main__ - INFO - Building Docker image...
2024-11-12 21:18:50,138 - __main__ - INFO - Running Karate tests in Docker...
2024-11-12 21:18:59,611 - __main__ - INFO - Docker run logs saved to: /home/mango/Desktop/2024/1104/karate-bola-guard/output/karate_framework/target/karate-reports_MI-jui-6ab9ab5e-6761-4892-aaea-eb30c5a1a36d/docker_run_logs_MI-jui-6ab9ab5e-6761-4892-aaea-eb30c5a1a36d.txt
2024-11-12 21:18:59,612 - __main__ - INFO - Test reports are available in: /home/mango/Desktop/2024/1104/karate-bola-guard/output/karate_framework/target/karate-reports_MI-jui-6ab9ab5e-6761-4892-aaea-eb30c5a1a36d
2024-11-12 21:19:00,211 - __main__ - INFO - Rewriting 1 broken tests in iteration 3
2024-11-12 21:19:00,263 - __main__ - INFO - errors found: [('failed', ''), ('failed', ''), ('failed', '')]
2024-11-12 21:19:08,603 - __main__ - INFO - Updated test script: ID_001_krtestjui_api_Users__POST_verified.feature
2024-11-12 21:19:08,603 - __main__ - ERROR - Reached maximum iterations (3). Some tests may still be failing.
2024-11-12 21:19:08,604 - __main__ - INFO - Opening final test report...
2024-11-12 21:19:08,604 - __main__ - ERROR - Test report not found. Make sure tests have been run.
