2024-11-13 06:47:46,735 - __main__ - INFO - Running Karate tests in Docker...
2024-11-13 06:47:46,735 - __main__ - INFO - Building Docker image...
2024-11-13 06:48:27,507 - __main__ - INFO - Running Karate tests in Docker...
2024-11-13 06:48:37,047 - __main__ - INFO - Docker run logs saved to: /home/mango/Desktop/2024/1104/karate-bola-guard/output/karate_framework/target/karate-reports_MI-cra-bdafe5a4-64ed-41ce-8ca1-72e157a39b8a/docker_run_logs_MI-cra-bdafe5a4-64ed-41ce-8ca1-72e157a39b8a.txt
2024-11-13 06:48:37,047 - __main__ - INFO - Test reports are available in: /home/mango/Desktop/2024/1104/karate-bola-guard/output/karate_framework/target/karate-reports_MI-cra-bdafe5a4-64ed-41ce-8ca1-72e157a39b8a
2024-11-13 06:48:37,900 - __main__ - INFO - Starting iteration 1 of 3
2024-11-13 06:48:37,900 - __main__ - INFO - Building Docker image...
2024-11-13 06:48:41,918 - __main__ - INFO - Running Karate tests in Docker...
2024-11-13 06:48:50,676 - __main__ - INFO - Docker run logs saved to: /home/mango/Desktop/2024/1104/karate-bola-guard/output/karate_framework/target/karate-reports_MI-cra-bdafe5a4-64ed-41ce-8ca1-72e157a39b8a/docker_run_logs_MI-cra-bdafe5a4-64ed-41ce-8ca1-72e157a39b8a.txt
2024-11-13 06:48:50,676 - __main__ - INFO - Test reports are available in: /home/mango/Desktop/2024/1104/karate-bola-guard/output/karate_framework/target/karate-reports_MI-cra-bdafe5a4-64ed-41ce-8ca1-72e157a39b8a
2024-11-13 06:48:51,321 - __main__ - INFO - Rewriting 1 broken tests in iteration 1
2024-11-13 06:48:51,374 - __main__ - INFO - errors found: [('failed', ''), ('failed', ''), ('failed', '')]
2024-11-13 06:52:15,400 - __main__ - INFO - Updated test script: ID_002_krtestcra_workshop_api_merchant_contact_mechanic_POST_verified.feature
2024-11-13 06:52:15,400 - __main__ - INFO - Starting iteration 2 of 3
2024-11-13 06:52:15,400 - __main__ - INFO - Building Docker image...
2024-11-13 06:52:51,447 - __main__ - INFO - Running Karate tests in Docker...
2024-11-13 06:53:12,448 - __main__ - INFO - Docker run logs saved to: /home/mango/Desktop/2024/1104/karate-bola-guard/output/karate_framework/target/karate-reports_MI-cra-bdafe5a4-64ed-41ce-8ca1-72e157a39b8a/docker_run_logs_MI-cra-bdafe5a4-64ed-41ce-8ca1-72e157a39b8a.txt
2024-11-13 06:53:12,448 - __main__ - INFO - Test reports are available in: /home/mango/Desktop/2024/1104/karate-bola-guard/output/karate_framework/target/karate-reports_MI-cra-bdafe5a4-64ed-41ce-8ca1-72e157a39b8a
2024-11-13 06:53:13,051 - __main__ - INFO - Rewriting 1 broken tests in iteration 2
2024-11-13 06:53:13,065 - __main__ - INFO - errors found: [('failed', ''), ('failed', ''), ('failed', '')]
