2024-11-13 06:58:10,743 - __main__ - INFO - Running Karate tests in Docker...
2024-11-13 06:58:10,743 - __main__ - INFO - Building Docker image...
2024-11-13 06:58:50,610 - __main__ - INFO - Running Karate tests in Docker...
2024-11-13 06:59:02,582 - __main__ - INFO - Docker run logs saved to: /home/mango/Desktop/2024/1104/karate-bola-guard/output/karate_framework/target/karate-reports_MI-cra-0207b538-4541-4505-8fe5-95879325b3b4/docker_run_logs_MI-cra-0207b538-4541-4505-8fe5-95879325b3b4.txt
2024-11-13 06:59:02,582 - __main__ - INFO - Test reports are available in: /home/mango/Desktop/2024/1104/karate-bola-guard/output/karate_framework/target/karate-reports_MI-cra-0207b538-4541-4505-8fe5-95879325b3b4
2024-11-13 06:59:03,393 - __main__ - INFO - Starting iteration 1 of 3
2024-11-13 06:59:03,393 - __main__ - INFO - Building Docker image...
2024-11-13 06:59:08,189 - __main__ - INFO - Running Karate tests in Docker...
2024-11-13 06:59:16,874 - __main__ - INFO - Docker run logs saved to: /home/mango/Desktop/2024/1104/karate-bola-guard/output/karate_framework/target/karate-reports_MI-cra-0207b538-4541-4505-8fe5-95879325b3b4/docker_run_logs_MI-cra-0207b538-4541-4505-8fe5-95879325b3b4.txt
2024-11-13 06:59:16,874 - __main__ - INFO - Test reports are available in: /home/mango/Desktop/2024/1104/karate-bola-guard/output/karate_framework/target/karate-reports_MI-cra-0207b538-4541-4505-8fe5-95879325b3b4
2024-11-13 06:59:17,500 - __main__ - INFO - Rewriting 1 broken tests in iteration 1
2024-11-13 06:59:17,513 - __main__ - INFO - errors found: [('failed', ''), ('failed', ''), ('failed', '')]
2024-11-13 07:04:32,072 - __main__ - INFO - Updated test script: ID_002_krtestcra_workshop_api_merchant_contact_mechanic_POST_verified.feature
2024-11-13 07:04:32,072 - __main__ - INFO - Starting iteration 2 of 3
2024-11-13 07:04:32,072 - __main__ - INFO - Building Docker image...
2024-11-13 07:05:09,142 - __main__ - INFO - Running Karate tests in Docker...
2024-11-13 07:05:19,816 - __main__ - INFO - Docker run logs saved to: /home/mango/Desktop/2024/1104/karate-bola-guard/output/karate_framework/target/karate-reports_MI-cra-0207b538-4541-4505-8fe5-95879325b3b4/docker_run_logs_MI-cra-0207b538-4541-4505-8fe5-95879325b3b4.txt
2024-11-13 07:05:19,817 - __main__ - INFO - Test reports are available in: /home/mango/Desktop/2024/1104/karate-bola-guard/output/karate_framework/target/karate-reports_MI-cra-0207b538-4541-4505-8fe5-95879325b3b4
2024-11-13 07:05:20,478 - __main__ - INFO - Rewriting 1 broken tests in iteration 2
2024-11-13 07:05:20,490 - __main__ - INFO - errors found: [('failed', ''), ('failed', ''), ('failed', '')]
2024-11-13 07:10:43,742 - __main__ - INFO - Updated test script: ID_002_krtestcra_workshop_api_merchant_contact_mechanic_POST_verified.feature
2024-11-13 07:10:43,742 - __main__ - INFO - Starting iteration 3 of 3
2024-11-13 07:10:43,742 - __main__ - INFO - Building Docker image...
2024-11-13 07:10:49,020 - __main__ - INFO - Running Karate tests in Docker...
2024-11-13 07:10:58,373 - __main__ - INFO - Docker run logs saved to: /home/mango/Desktop/2024/1104/karate-bola-guard/output/karate_framework/target/karate-reports_MI-cra-0207b538-4541-4505-8fe5-95879325b3b4/docker_run_logs_MI-cra-0207b538-4541-4505-8fe5-95879325b3b4.txt
2024-11-13 07:10:58,373 - __main__ - INFO - Test reports are available in: /home/mango/Desktop/2024/1104/karate-bola-guard/output/karate_framework/target/karate-reports_MI-cra-0207b538-4541-4505-8fe5-95879325b3b4
2024-11-13 07:10:58,971 - __main__ - INFO - Rewriting 1 broken tests in iteration 3
2024-11-13 07:10:58,984 - __main__ - INFO - errors found: [('failed', ''), ('failed', ''), ('failed', '')]
2024-11-13 07:16:56,973 - __main__ - INFO - Updated test script: ID_002_krtestcra_workshop_api_merchant_contact_mechanic_POST_verified.feature
2024-11-13 07:16:56,973 - __main__ - ERROR - Reached maximum iterations (3). Some tests may still be failing.
2024-11-13 07:16:56,973 - __main__ - INFO - Opening final test report...
2024-11-13 07:16:56,973 - __main__ - ERROR - Test report not found. Make sure tests have been run.
