2024-11-13 06:00:44,962 - __main__ - INFO - Running Karate tests in Docker...
2024-11-13 06:00:44,962 - __main__ - INFO - Building Docker image...
2024-11-13 06:01:27,786 - __main__ - INFO - Running Karate tests in Docker...
2024-11-13 06:01:36,695 - __main__ - INFO - Docker run logs saved to: /home/mango/Desktop/2024/1104/karate-bola-guard/output/karate_framework/target/karate-reports_MI-jui-77d5b84b-1fa5-4e53-8a25-0144f249dee2/docker_run_logs_MI-jui-77d5b84b-1fa5-4e53-8a25-0144f249dee2.txt
2024-11-13 06:01:36,695 - __main__ - INFO - Test reports are available in: /home/mango/Desktop/2024/1104/karate-bola-guard/output/karate_framework/target/karate-reports_MI-jui-77d5b84b-1fa5-4e53-8a25-0144f249dee2
2024-11-13 06:01:37,731 - __main__ - INFO - Starting iteration 1 of 3
2024-11-13 06:01:37,731 - __main__ - INFO - Building Docker image...
2024-11-13 06:01:42,228 - __main__ - INFO - Running Karate tests in Docker...
2024-11-13 06:01:50,352 - __main__ - INFO - Docker run logs saved to: /home/mango/Desktop/2024/1104/karate-bola-guard/output/karate_framework/target/karate-reports_MI-jui-77d5b84b-1fa5-4e53-8a25-0144f249dee2/docker_run_logs_MI-jui-77d5b84b-1fa5-4e53-8a25-0144f249dee2.txt
2024-11-13 06:01:50,352 - __main__ - INFO - Test reports are available in: /home/mango/Desktop/2024/1104/karate-bola-guard/output/karate_framework/target/karate-reports_MI-jui-77d5b84b-1fa5-4e53-8a25-0144f249dee2
2024-11-13 06:01:51,029 - __main__ - INFO - Rewriting 1 broken tests in iteration 1
2024-11-13 06:01:51,073 - __main__ - INFO - errors found: [('verified', "mismatched input 'u' expecting <EOF>, mismatched input 'u' expecting <EOF>, mismatched input 'u' expecting <EOF>, mismatched input 'u' expecting <EOF>"), ('verified', "mismatched input '`' expecting <EOF>, mismatched input '`' expecting <EOF>, mismatched input '`' expecting <EOF>, mismatched input '`' expecting <EOF>"), ('verified', "mismatched input '`' expecting <EOF>, mismatched input '`' expecting <EOF>, mismatched input '`' expecting <EOF>, mismatched input '`' expecting <EOF>")]
2024-11-13 06:03:02,894 - __main__ - INFO - Updated test script: ID_001_krtestjui_api_Users__POST_verified.feature
2024-11-13 06:03:02,895 - __main__ - INFO - Starting iteration 2 of 3
2024-11-13 06:03:02,895 - __main__ - INFO - Building Docker image...
2024-11-13 06:03:50,077 - __main__ - INFO - Running Karate tests in Docker...
2024-11-13 06:04:10,537 - __main__ - INFO - Docker run logs saved to: /home/mango/Desktop/2024/1104/karate-bola-guard/output/karate_framework/target/karate-reports_MI-jui-77d5b84b-1fa5-4e53-8a25-0144f249dee2/docker_run_logs_MI-jui-77d5b84b-1fa5-4e53-8a25-0144f249dee2.txt
2024-11-13 06:04:10,537 - __main__ - INFO - Test reports are available in: /home/mango/Desktop/2024/1104/karate-bola-guard/output/karate_framework/target/karate-reports_MI-jui-77d5b84b-1fa5-4e53-8a25-0144f249dee2
2024-11-13 06:04:11,046 - __main__ - INFO - All tests passed in iteration 2. Exiting loop.
2024-11-13 06:04:11,046 - __main__ - INFO - Opening final test report...
2024-11-13 06:04:11,046 - __main__ - ERROR - Test report not found. Make sure tests have been run.
